[27-Mar-2018 05:21:13 UTC] PHP Fatal error:  Call to a member function prepare() on a non-object in /home/ubuntu/workspace/jerickson-cst336/Labs/Lab_6/index.php on line 100
[27-Mar-2018 05:21:13 UTC] PHP Stack trace:
[27-Mar-2018 05:21:13 UTC] PHP   1. {main}() /home/ubuntu/workspace/jerickson-cst336/Labs/Lab_6/index.php:0
[27-Mar-2018 05:21:13 UTC] PHP   2. displayResults() /home/ubuntu/workspace/jerickson-cst336/Labs/Lab_6/index.php:169
[27-Mar-2018 05:22:59 UTC] PHP Fatal error:  Call to a member function prepare() on a non-object in /home/ubuntu/workspace/jerickson-cst336/Labs/Lab_6/index.php on line 100
[27-Mar-2018 05:22:59 UTC] PHP Stack trace:
[27-Mar-2018 05:22:59 UTC] PHP   1. {main}() /home/ubuntu/workspace/jerickson-cst336/Labs/Lab_6/index.php:0
[27-Mar-2018 05:22:59 UTC] PHP   2. displayResults() /home/ubuntu/workspace/jerickson-cst336/Labs/Lab_6/index.php:169
[27-Mar-2018 05:23:15 UTC] PHP Fatal error:  Call to a member function prepare() on a non-object in /home/ubuntu/workspace/jerickson-cst336/Labs/Lab_6/index.php on line 100
[27-Mar-2018 05:23:15 UTC] PHP Stack trace:
[27-Mar-2018 05:23:15 UTC] PHP   1. {main}() /home/ubuntu/workspace/jerickson-cst336/Labs/Lab_6/index.php:0
[27-Mar-2018 05:23:15 UTC] PHP   2. displayResults() /home/ubuntu/workspace/jerickson-cst336/Labs/Lab_6/index.php:169
[27-Mar-2018 05:23:56 UTC] PHP Fatal error:  Call to a member function prepare() on a non-object in /home/ubuntu/workspace/jerickson-cst336/Labs/Lab_6/index.php on line 100
[27-Mar-2018 05:23:56 UTC] PHP Stack trace:
[27-Mar-2018 05:23:56 UTC] PHP   1. {main}() /home/ubuntu/workspace/jerickson-cst336/Labs/Lab_6/index.php:0
[27-Mar-2018 05:23:56 UTC] PHP   2. displayResults() /home/ubuntu/workspace/jerickson-cst336/Labs/Lab_6/index.php:169
[27-Mar-2018 05:23:58 UTC] PHP Fatal error:  Call to a member function prepare() on a non-object in /home/ubuntu/workspace/jerickson-cst336/Labs/Lab_6/index.php on line 100
[27-Mar-2018 05:23:58 UTC] PHP Stack trace:
[27-Mar-2018 05:23:58 UTC] PHP   1. {main}() /home/ubuntu/workspace/jerickson-cst336/Labs/Lab_6/index.php:0
[27-Mar-2018 05:23:58 UTC] PHP   2. displayResults() /home/ubuntu/workspace/jerickson-cst336/Labs/Lab_6/index.php:169
[27-Mar-2018 05:25:03 UTC] PHP Warning:  Missing argument 1 for getDatabaseConnection(), called in /home/ubuntu/workspace/jerickson-cst336/Labs/Lab_6/index.php on line 101 and defined in /home/ubuntu/workspace/jerickson-cst336/Labs/Lab_6/index.php on line 3
[27-Mar-2018 05:25:03 UTC] PHP Stack trace:
[27-Mar-2018 05:25:03 UTC] PHP   1. {main}() /home/ubuntu/workspace/jerickson-cst336/Labs/Lab_6/index.php:0
[27-Mar-2018 05:25:03 UTC] PHP   2. displayResults() /home/ubuntu/workspace/jerickson-cst336/Labs/Lab_6/index.php:171
[27-Mar-2018 05:25:03 UTC] PHP   3. getDatabaseConnection() /home/ubuntu/workspace/jerickson-cst336/Labs/Lab_6/index.php:101
[27-Mar-2018 05:25:03 UTC] PHP Fatal error:  Uncaught exception 'PDOException' with message 'SQLSTATE[3D000]: Invalid catalog name: 1046 No database selected' in /home/ubuntu/workspace/jerickson-cst336/Labs/Lab_6/index.php:103
Stack trace:
#0 /home/ubuntu/workspace/jerickson-cst336/Labs/Lab_6/index.php(103): PDOStatement->execute()
#1 /home/ubuntu/workspace/jerickson-cst336/Labs/Lab_6/index.php(171): displayResults()
#2 {main}
  thrown in /home/ubuntu/workspace/jerickson-cst336/Labs/Lab_6/index.php on line 103
[27-Mar-2018 05:26:12 UTC] PHP Fatal error:  Uncaught exception 'PDOException' with message 'SQLSTATE[42000]: Syntax error or access violation: 1064 You have an error in your SQL syntax; check the manual that corresponds to your MySQL server version for the right syntax to use near '' at line 3' in /home/ubuntu/workspace/jerickson-cst336/Labs/Lab_6/index.php:103
Stack trace:
#0 /home/ubuntu/workspace/jerickson-cst336/Labs/Lab_6/index.php(103): PDOStatement->execute()
#1 /home/ubuntu/workspace/jerickson-cst336/Labs/Lab_6/index.php(171): displayResults()
#2 {main}
  thrown in /home/ubuntu/workspace/jerickson-cst336/Labs/Lab_6/index.php on line 103
[27-Mar-2018 05:27:15 UTC] PHP Fatal error:  Uncaught exception 'PDOException' with message 'SQLSTATE[42000]: Syntax error or access violation: 1064 You have an error in your SQL syntax; check the manual that corresponds to your MySQL server version for the right syntax to use near '' at line 3' in /home/ubuntu/workspace/jerickson-cst336/Labs/Lab_6/index.php:103
Stack trace:
#0 /home/ubuntu/workspace/jerickson-cst336/Labs/Lab_6/index.php(103): PDOStatement->execute()
#1 /home/ubuntu/workspace/jerickson-cst336/Labs/Lab_6/index.php(171): displayResults()
#2 {main}
  thrown in /home/ubuntu/workspace/jerickson-cst336/Labs/Lab_6/index.php on line 103
[27-Mar-2018 05:28:27 UTC] PHP Fatal error:  Uncaught exception 'PDOException' with message 'SQLSTATE[42000]: Syntax error or access violation: 1064 You have an error in your SQL syntax; check the manual that corresponds to your MySQL server version for the right syntax to use near '"%ball%' at line 3' in /home/ubuntu/workspace/jerickson-cst336/Labs/Lab_6/index.php:103
Stack trace:
#0 /home/ubuntu/workspace/jerickson-cst336/Labs/Lab_6/index.php(103): PDOStatement->execute()
#1 /home/ubuntu/workspace/jerickson-cst336/Labs/Lab_6/index.php(171): displayResults()
#2 {main}
  thrown in /home/ubuntu/workspace/jerickson-cst336/Labs/Lab_6/index.php on line 103
[27-Mar-2018 05:29:09 UTC] PHP Fatal error:  Uncaught exception 'PDOException' with message 'SQLSTATE[42S02]: Base table or view not found: 1146 Table 'ottermart.om_productp' doesn't exist' in /home/ubuntu/workspace/jerickson-cst336/Labs/Lab_6/index.php:103
Stack trace:
#0 /home/ubuntu/workspace/jerickson-cst336/Labs/Lab_6/index.php(103): PDOStatement->execute()
#1 /home/ubuntu/workspace/jerickson-cst336/Labs/Lab_6/index.php(171): displayResults()
#2 {main}
  thrown in /home/ubuntu/workspace/jerickson-cst336/Labs/Lab_6/index.php on line 103
[27-Mar-2018 05:30:30 UTC] PHP Fatal error:  Uncaught exception 'PDOException' with message 'SQLSTATE[42000]: Syntax error or access violation: 1064 You have an error in your SQL syntax; check the manual that corresponds to your MySQL server version for the right syntax to use near 'price >=' at line 3' in /home/ubuntu/workspace/jerickson-cst336/Labs/Lab_6/index.php:102
Stack trace:
#0 /home/ubuntu/workspace/jerickson-cst336/Labs/Lab_6/index.php(102): PDOStatement->execute()
#1 /home/ubuntu/workspace/jerickson-cst336/Labs/Lab_6/index.php(170): displayResults()
#2 {main}
  thrown in /home/ubuntu/workspace/jerickson-cst336/Labs/Lab_6/index.php on line 102
[27-Mar-2018 05:30:34 UTC] PHP Fatal error:  Uncaught exception 'PDOException' with message 'SQLSTATE[42000]: Syntax error or access violation: 1064 You have an error in your SQL syntax; check the manual that corresponds to your MySQL server version for the right syntax to use near 'price >= $10' at line 3' in /home/ubuntu/workspace/jerickson-cst336/Labs/Lab_6/index.php:102
Stack trace:
#0 /home/ubuntu/workspace/jerickson-cst336/Labs/Lab_6/index.php(102): PDOStatement->execute()
#1 /home/ubuntu/workspace/jerickson-cst336/Labs/Lab_6/index.php(170): displayResults()
#2 {main}
  thrown in /home/ubuntu/workspace/jerickson-cst336/Labs/Lab_6/index.php on line 102
[27-Mar-2018 05:31:03 UTC] PHP Fatal error:  Uncaught exception 'PDOException' with message 'SQLSTATE[42S22]: Column not found: 1054 Unknown column '$10' in 'where clause'' in /home/ubuntu/workspace/jerickson-cst336/Labs/Lab_6/index.php:102
Stack trace:
#0 /home/ubuntu/workspace/jerickson-cst336/Labs/Lab_6/index.php(102): PDOStatement->execute()
#1 /home/ubuntu/workspace/jerickson-cst336/Labs/Lab_6/index.php(170): displayResults()
#2 {main}
  thrown in /home/ubuntu/workspace/jerickson-cst336/Labs/Lab_6/index.php on line 102
[27-Mar-2018 05:34:00 UTC] PHP Fatal error:  Uncaught exception 'PDOException' with message 'SQLSTATE[42000]: Syntax error or access violation: 1064 You have an error in your SQL syntax; check the manual that corresponds to your MySQL server version for the right syntax to use near '' at line 3' in /home/ubuntu/workspace/jerickson-cst336/Labs/Lab_6/index.php:102
Stack trace:
#0 /home/ubuntu/workspace/jerickson-cst336/Labs/Lab_6/index.php(102): PDOStatement->execute()
#1 /home/ubuntu/workspace/jerickson-cst336/Labs/Lab_6/index.php(170): displayResults()
#2 {main}
  thrown in /home/ubuntu/workspace/jerickson-cst336/Labs/Lab_6/index.php on line 102
[27-Mar-2018 05:39:58 UTC] PHP Fatal error:  Uncaught exception 'PDOException' with message 'SQLSTATE[42000]: Syntax error or access violation: 1064 You have an error in your SQL syntax; check the manual that corresponds to your MySQL server version for the right syntax to use near 'S' at line 1' in /home/ubuntu/workspace/jerickson-cst336/Labs/Lab_6/index.php:105
Stack trace:
#0 /home/ubuntu/workspace/jerickson-cst336/Labs/Lab_6/index.php(105): PDOStatement->execute()
#1 /home/ubuntu/workspace/jerickson-cst336/Labs/Lab_6/index.php(173): displayResults()
#2 {main}
  thrown in /home/ubuntu/workspace/jerickson-cst336/Labs/Lab_6/index.php on line 105
[27-Mar-2018 05:41:05 UTC] PHP Fatal error:  [] operator not supported for strings in /home/ubuntu/workspace/jerickson-cst336/Labs/Lab_6/index.php on line 60
[27-Mar-2018 05:41:05 UTC] PHP Stack trace:
[27-Mar-2018 05:41:05 UTC] PHP   1. {main}() /home/ubuntu/workspace/jerickson-cst336/Labs/Lab_6/index.php:0
[27-Mar-2018 05:41:05 UTC] PHP   2. displayResults() /home/ubuntu/workspace/jerickson-cst336/Labs/Lab_6/index.php:171
[27-Mar-2018 05:46:32 UTC] PHP Fatal error:  Uncaught exception 'PDOException' with message 'SQLSTATE[42000]: Syntax error or access violation: 1064 You have an error in your SQL syntax; check the manual that corresponds to your MySQL server version for the right syntax to use near 'p' at line 1' in /home/ubuntu/workspace/jerickson-cst336/Labs/Lab_6/index.php:114
Stack trace:
#0 /home/ubuntu/workspace/jerickson-cst336/Labs/Lab_6/index.php(114): PDOStatement->execute()
#1 /home/ubuntu/workspace/jerickson-cst336/Labs/Lab_6/index.php(182): displayResults()
#2 {main}
  thrown in /home/ubuntu/workspace/jerickson-cst336/Labs/Lab_6/index.php on line 114
[27-Mar-2018 05:57:19 UTC] PHP Fatal error:  Uncaught exception 'PDOException' with message 'SQLSTATE[42000]: Syntax error or access violation: 1064 You have an error in your SQL syntax; check the manual that corresponds to your MySQL server version for the right syntax to use near 'p' at line 1' in /home/ubuntu/workspace/jerickson-cst336/Labs/Lab_6/index.php:114
Stack trace:
#0 /home/ubuntu/workspace/jerickson-cst336/Labs/Lab_6/index.php(114): PDOStatement->execute()
#1 /home/ubuntu/workspace/jerickson-cst336/Labs/Lab_6/index.php(182): displayResults()
#2 {main}
  thrown in /home/ubuntu/workspace/jerickson-cst336/Labs/Lab_6/index.php on line 114
[27-Mar-2018 05:57:23 UTC] PHP Fatal error:  Uncaught exception 'PDOException' with message 'SQLSTATE[42000]: Syntax error or access violation: 1064 You have an error in your SQL syntax; check the manual that corresponds to your MySQL server version for the right syntax to use near 'p' at line 1' in /home/ubuntu/workspace/jerickson-cst336/Labs/Lab_6/index.php:114
Stack trace:
#0 /home/ubuntu/workspace/jerickson-cst336/Labs/Lab_6/index.php(114): PDOStatement->execute()
#1 /home/ubuntu/workspace/jerickson-cst336/Labs/Lab_6/index.php(182): displayResults()
#2 {main}
  thrown in /home/ubuntu/workspace/jerickson-cst336/Labs/Lab_6/index.php on line 114
[27-Mar-2018 05:59:32 UTC] PHP Fatal error:  Uncaught exception 'PDOException' with message 'SQLSTATE[42000]: Syntax error or access violation: 1064 You have an error in your SQL syntax; check the manual that corresponds to your MySQL server version for the right syntax to use near 'price <=' at line 1' in /home/ubuntu/workspace/jerickson-cst336/Labs/Lab_6/index.php:114
Stack trace:
#0 /home/ubuntu/workspace/jerickson-cst336/Labs/Lab_6/index.php(114): PDOStatement->execute()
#1 /home/ubuntu/workspace/jerickson-cst336/Labs/Lab_6/index.php(182): displayResults()
#2 {main}
  thrown in /home/ubuntu/workspace/jerickson-cst336/Labs/Lab_6/index.php on line 114
[27-Mar-2018 06:02:10 UTC] PHP Fatal error:  Uncaught exception 'PDOException' with message 'SQLSTATE[42000]: Syntax error or access violation: 1064 You have an error in your SQL syntax; check the manual that corresponds to your MySQL server version for the right syntax to use near 'price <=' at line 1' in /home/ubuntu/workspace/jerickson-cst336/Labs/Lab_6/index.php:114
Stack trace:
#0 /home/ubuntu/workspace/jerickson-cst336/Labs/Lab_6/index.php(114): PDOStatement->execute()
#1 /home/ubuntu/workspace/jerickson-cst336/Labs/Lab_6/index.php(182): displayResults()
#2 {main}
  thrown in /home/ubuntu/workspace/jerickson-cst336/Labs/Lab_6/index.php on line 114
[27-Mar-2018 06:02:13 UTC] PHP Fatal error:  Uncaught exception 'PDOException' with message 'SQLSTATE[42000]: Syntax error or access violation: 1064 You have an error in your SQL syntax; check the manual that corresponds to your MySQL server version for the right syntax to use near 'price <=' at line 1' in /home/ubuntu/workspace/jerickson-cst336/Labs/Lab_6/index.php:114
Stack trace:
#0 /home/ubuntu/workspace/jerickson-cst336/Labs/Lab_6/index.php(114): PDOStatement->execute()
#1 /home/ubuntu/workspace/jerickson-cst336/Labs/Lab_6/index.php(182): displayResults()
#2 {main}
  thrown in /home/ubuntu/workspace/jerickson-cst336/Labs/Lab_6/index.php on line 114
[27-Mar-2018 06:08:10 UTC] PHP Fatal error:  Uncaught exception 'PDOException' with message 'SQLSTATE[42000]: Syntax error or access violation: 1064 You have an error in your SQL syntax; check the manual that corresponds to your MySQL server version for the right syntax to use near 'price <=' at line 1' in /home/ubuntu/workspace/jerickson-cst336/Labs/Lab_6/index.php:113
Stack trace:
#0 /home/ubuntu/workspace/jerickson-cst336/Labs/Lab_6/index.php(113): PDOStatement->execute()
#1 /home/ubuntu/workspace/jerickson-cst336/Labs/Lab_6/index.php(181): displayResults()
#2 {main}
  thrown in /home/ubuntu/workspace/jerickson-cst336/Labs/Lab_6/index.php on line 113
[27-Mar-2018 06:08:49 UTC] PHP Fatal error:  Uncaught exception 'PDOException' with message 'SQLSTATE[42000]: Syntax error or access violation: 1064 You have an error in your SQL syntax; check the manual that corresponds to your MySQL server version for the right syntax to use near 'price <=' at line 1' in /home/ubuntu/workspace/jerickson-cst336/Labs/Lab_6/index.php:112
Stack trace:
#0 /home/ubuntu/workspace/jerickson-cst336/Labs/Lab_6/index.php(112): PDOStatement->execute()
#1 /home/ubuntu/workspace/jerickson-cst336/Labs/Lab_6/index.php(180): displayResults()
#2 {main}
  thrown in /home/ubuntu/workspace/jerickson-cst336/Labs/Lab_6/index.php on line 112
[27-Mar-2018 06:09:26 UTC] PHP Fatal error:  Uncaught exception 'PDOException' with message 'SQLSTATE[42S22]: Column not found: 1054 Unknown column 'Books' in 'where clause'' in /home/ubuntu/workspace/jerickson-cst336/Labs/Lab_6/index.php:112
Stack trace:
#0 /home/ubuntu/workspace/jerickson-cst336/Labs/Lab_6/index.php(112): PDOStatement->execute()
#1 /home/ubuntu/workspace/jerickson-cst336/Labs/Lab_6/index.php(180): displayResults()
#2 {main}
  thrown in /home/ubuntu/workspace/jerickson-cst336/Labs/Lab_6/index.php on line 112
[27-Mar-2018 06:10:47 UTC] PHP Fatal error:  Uncaught exception 'PDOException' with message 'SQLSTATE[42000]: Syntax error or access violation: 1064 You have an error in your SQL syntax; check the manual that corresponds to your MySQL server version for the right syntax to use near 'price <=' at line 1' in /home/ubuntu/workspace/jerickson-cst336/Labs/Lab_6/index.php:112
Stack trace:
#0 /home/ubuntu/workspace/jerickson-cst336/Labs/Lab_6/index.php(112): PDOStatement->execute()
#1 /home/ubuntu/workspace/jerickson-cst336/Labs/Lab_6/index.php(180): displayResults()
#2 {main}
  thrown in /home/ubuntu/workspace/jerickson-cst336/Labs/Lab_6/index.php on line 112
[27-Mar-2018 06:11:20 UTC] PHP Fatal error:  Uncaught exception 'PDOException' with message 'SQLSTATE[42000]: Syntax error or access violation: 1064 You have an error in your SQL syntax; check the manual that corresponds to your MySQL server version for the right syntax to use near 'productName LIKE "%%"' at line 1' in /home/ubuntu/workspace/jerickson-cst336/Labs/Lab_6/index.php:112
Stack trace:
#0 /home/ubuntu/workspace/jerickson-cst336/Labs/Lab_6/index.php(112): PDOStatement->execute()
#1 /home/ubuntu/workspace/jerickson-cst336/Labs/Lab_6/index.php(180): displayResults()
#2 {main}
  thrown in /home/ubuntu/workspace/jerickson-cst336/Labs/Lab_6/index.php on line 112
[27-Mar-2018 06:12:07 UTC] PHP Fatal error:  Uncaught exception 'PDOException' with message 'SQLSTATE[42000]: Syntax error or access violation: 1064 You have an error in your SQL syntax; check the manual that corresponds to your MySQL server version for the right syntax to use near 'productName LIKE "%%"' at line 1' in /home/ubuntu/workspace/jerickson-cst336/Labs/Lab_6/index.php:112
Stack trace:
#0 /home/ubuntu/workspace/jerickson-cst336/Labs/Lab_6/index.php(112): PDOStatement->execute()
#1 /home/ubuntu/workspace/jerickson-cst336/Labs/Lab_6/index.php(180): displayResults()
#2 {main}
  thrown in /home/ubuntu/workspace/jerickson-cst336/Labs/Lab_6/index.php on line 112
[27-Mar-2018 06:12:29 UTC] PHP Fatal error:  Uncaught exception 'PDOException' with message 'SQLSTATE[42000]: Syntax error or access violation: 1064 You have an error in your SQL syntax; check the manual that corresponds to your MySQL server version for the right syntax to use near 'productName LIKE "%%"' at line 1' in /home/ubuntu/workspace/jerickson-cst336/Labs/Lab_6/index.php:112
Stack trace:
#0 /home/ubuntu/workspace/jerickson-cst336/Labs/Lab_6/index.php(112): PDOStatement->execute()
#1 /home/ubuntu/workspace/jerickson-cst336/Labs/Lab_6/index.php(180): displayResults()
#2 {main}
  thrown in /home/ubuntu/workspace/jerickson-cst336/Labs/Lab_6/index.php on line 112
[27-Mar-2018 06:12:31 UTC] PHP Fatal error:  Uncaught exception 'PDOException' with message 'SQLSTATE[42000]: Syntax error or access violation: 1064 You have an error in your SQL syntax; check the manual that corresponds to your MySQL server version for the right syntax to use near 'productName LIKE "%%"' at line 1' in /home/ubuntu/workspace/jerickson-cst336/Labs/Lab_6/index.php:112
Stack trace:
#0 /home/ubuntu/workspace/jerickson-cst336/Labs/Lab_6/index.php(112): PDOStatement->execute()
#1 /home/ubuntu/workspace/jerickson-cst336/Labs/Lab_6/index.php(180): displayResults()
#2 {main}
  thrown in /home/ubuntu/workspace/jerickson-cst336/Labs/Lab_6/index.php on line 112
[27-Mar-2018 06:12:37 UTC] PHP Fatal error:  Uncaught exception 'PDOException' with message 'SQLSTATE[42000]: Syntax error or access violation: 1064 You have an error in your SQL syntax; check the manual that corresponds to your MySQL server version for the right syntax to use near 'productName LIKE "%%"' at line 1' in /home/ubuntu/workspace/jerickson-cst336/Labs/Lab_6/index.php:112
Stack trace:
#0 /home/ubuntu/workspace/jerickson-cst336/Labs/Lab_6/index.php(112): PDOStatement->execute()
#1 /home/ubuntu/workspace/jerickson-cst336/Labs/Lab_6/index.php(180): displayResults()
#2 {main}
  thrown in /home/ubuntu/workspace/jerickson-cst336/Labs/Lab_6/index.php on line 112
[27-Mar-2018 06:13:29 UTC] PHP Fatal error:  Uncaught exception 'PDOException' with message 'SQLSTATE[42000]: Syntax error or access violation: 1064 You have an error in your SQL syntax; check the manual that corresponds to your MySQL server version for the right syntax to use near 'productName LIKE "%%"' at line 1' in /home/ubuntu/workspace/jerickson-cst336/Labs/Lab_6/index.php:112
Stack trace:
#0 /home/ubuntu/workspace/jerickson-cst336/Labs/Lab_6/index.php(112): PDOStatement->execute()
#1 /home/ubuntu/workspace/jerickson-cst336/Labs/Lab_6/index.php(180): displayResults()
#2 {main}
  thrown in /home/ubuntu/workspace/jerickson-cst336/Labs/Lab_6/index.php on line 112
[27-Mar-2018 06:14:48 UTC] PHP Fatal error:  Uncaught exception 'PDOException' with message 'SQLSTATE[42000]: Syntax error or access violation: 1064 You have an error in your SQL syntax; check the manual that corresponds to your MySQL server version for the right syntax to use near 'productName LIKE "%%"' at line 1' in /home/ubuntu/workspace/jerickson-cst336/Labs/Lab_6/index.php:112
Stack trace:
#0 /home/ubuntu/workspace/jerickson-cst336/Labs/Lab_6/index.php(112): PDOStatement->execute()
#1 /home/ubuntu/workspace/jerickson-cst336/Labs/Lab_6/index.php(182): displayResults()
#2 {main}
  thrown in /home/ubuntu/workspace/jerickson-cst336/Labs/Lab_6/index.php on line 112
[27-Mar-2018 06:19:18 UTC] PHP Fatal error:  Uncaught exception 'PDOException' with message 'SQLSTATE[42000]: Syntax error or access violation: 1064 You have an error in your SQL syntax; check the manual that corresponds to your MySQL server version for the right syntax to use near 'productName LIKE "%%"' at line 1' in /home/ubuntu/workspace/jerickson-cst336/Labs/Lab_6/index.php:112
Stack trace:
#0 /home/ubuntu/workspace/jerickson-cst336/Labs/Lab_6/index.php(112): PDOStatement->execute()
#1 /home/ubuntu/workspace/jerickson-cst336/Labs/Lab_6/index.php(180): displayResults()
#2 {main}
  thrown in /home/ubuntu/workspace/jerickson-cst336/Labs/Lab_6/index.php on line 112
[27-Mar-2018 06:19:29 UTC] PHP Fatal error:  Uncaught exception 'PDOException' with message 'SQLSTATE[42000]: Syntax error or access violation: 1064 You have an error in your SQL syntax; check the manual that corresponds to your MySQL server version for the right syntax to use near 'productName LIKE "%%"' at line 1' in /home/ubuntu/workspace/jerickson-cst336/Labs/Lab_6/index.php:112
Stack trace:
#0 /home/ubuntu/workspace/jerickson-cst336/Labs/Lab_6/index.php(112): PDOStatement->execute()
#1 /home/ubuntu/workspace/jerickson-cst336/Labs/Lab_6/index.php(180): displayResults()
#2 {main}
  thrown in /home/ubuntu/workspace/jerickson-cst336/Labs/Lab_6/index.php on line 112
[27-Mar-2018 06:21:51 UTC] PHP Fatal error:  Uncaught exception 'PDOException' with message 'SQLSTATE[42000]: Syntax error or access violation: 1064 You have an error in your SQL syntax; check the manual that corresponds to your MySQL server version for the right syntax to use near 'productName LIKE "%%"' at line 1' in /home/ubuntu/workspace/jerickson-cst336/Labs/Lab_6/index.php:112
Stack trace:
#0 /home/ubuntu/workspace/jerickson-cst336/Labs/Lab_6/index.php(112): PDOStatement->execute()
#1 /home/ubuntu/workspace/jerickson-cst336/Labs/Lab_6/index.php(180): displayResults()
#2 {main}
  thrown in /home/ubuntu/workspace/jerickson-cst336/Labs/Lab_6/index.php on line 112
[27-Mar-2018 06:22:39 UTC] PHP Fatal error:  Uncaught exception 'PDOException' with message 'SQLSTATE[42000]: Syntax error or access violation: 1064 You have an error in your SQL syntax; check the manual that corresponds to your MySQL server version for the right syntax to use near 'productName LIKE "%%"' at line 1' in /home/ubuntu/workspace/jerickson-cst336/Labs/Lab_6/index.php:112
Stack trace:
#0 /home/ubuntu/workspace/jerickson-cst336/Labs/Lab_6/index.php(112): PDOStatement->execute()
#1 /home/ubuntu/workspace/jerickson-cst336/Labs/Lab_6/index.php(180): displayResults()
#2 {main}
  thrown in /home/ubuntu/workspace/jerickson-cst336/Labs/Lab_6/index.php on line 112
[27-Mar-2018 17:42:42 UTC] PHP Fatal error:  Uncaught exception 'PDOException' with message 'SQLSTATE[42000]: Syntax error or access violation: 1064 You have an error in your SQL syntax; check the manual that corresponds to your MySQL server version for the right syntax to use near 'productName LIKE "%%"' at line 1' in /home/ubuntu/workspace/jerickson-cst336/Labs/Lab_6/index.php:112
Stack trace:
#0 /home/ubuntu/workspace/jerickson-cst336/Labs/Lab_6/index.php(112): PDOStatement->execute()
#1 /home/ubuntu/workspace/jerickson-cst336/Labs/Lab_6/index.php(180): displayResults()
#2 {main}
  thrown in /home/ubuntu/workspace/jerickson-cst336/Labs/Lab_6/index.php on line 112
[27-Mar-2018 17:42:47 UTC] PHP Fatal error:  Uncaught exception 'PDOException' with message 'SQLSTATE[42000]: Syntax error or access violation: 1064 You have an error in your SQL syntax; check the manual that corresponds to your MySQL server version for the right syntax to use near 'productName LIKE "%%"' at line 1' in /home/ubuntu/workspace/jerickson-cst336/Labs/Lab_6/index.php:112
Stack trace:
#0 /home/ubuntu/workspace/jerickson-cst336/Labs/Lab_6/index.php(112): PDOStatement->execute()
#1 /home/ubuntu/workspace/jerickson-cst336/Labs/Lab_6/index.php(180): displayResults()
#2 {main}
  thrown in /home/ubuntu/workspace/jerickson-cst336/Labs/Lab_6/index.php on line 112
[27-Mar-2018 17:42:49 UTC] PHP Fatal error:  Uncaught exception 'PDOException' with message 'SQLSTATE[42000]: Syntax error or access violation: 1064 You have an error in your SQL syntax; check the manual that corresponds to your MySQL server version for the right syntax to use near 'productName LIKE "%%"' at line 1' in /home/ubuntu/workspace/jerickson-cst336/Labs/Lab_6/index.php:112
Stack trace:
#0 /home/ubuntu/workspace/jerickson-cst336/Labs/Lab_6/index.php(112): PDOStatement->execute()
#1 /home/ubuntu/workspace/jerickson-cst336/Labs/Lab_6/index.php(180): displayResults()
#2 {main}
  thrown in /home/ubuntu/workspace/jerickson-cst336/Labs/Lab_6/index.php on line 112
[27-Mar-2018 17:43:42 UTC] PHP Fatal error:  Uncaught exception 'PDOException' with message 'SQLSTATE[42000]: Syntax error or access violation: 1064 You have an error in your SQL syntax; check the manual that corresponds to your MySQL server version for the right syntax to use near 'productName LIKE "%%"' at line 1' in /home/ubuntu/workspace/jerickson-cst336/Labs/Lab_6/index.php:112
Stack trace:
#0 /home/ubuntu/workspace/jerickson-cst336/Labs/Lab_6/index.php(112): PDOStatement->execute()
#1 /home/ubuntu/workspace/jerickson-cst336/Labs/Lab_6/index.php(180): displayResults()
#2 {main}
  thrown in /home/ubuntu/workspace/jerickson-cst336/Labs/Lab_6/index.php on line 112
[27-Mar-2018 17:44:24 UTC] PHP Fatal error:  Uncaught exception 'PDOException' with message 'SQLSTATE[42000]: Syntax error or access violation: 1064 You have an error in your SQL syntax; check the manual that corresponds to your MySQL server version for the right syntax to use near 'productName LIKE "%%"' at line 1' in /home/ubuntu/workspace/jerickson-cst336/Labs/Lab_6/index.php:112
Stack trace:
#0 /home/ubuntu/workspace/jerickson-cst336/Labs/Lab_6/index.php(112): PDOStatement->execute()
#1 /home/ubuntu/workspace/jerickson-cst336/Labs/Lab_6/index.php(180): displayResults()
#2 {main}
  thrown in /home/ubuntu/workspace/jerickson-cst336/Labs/Lab_6/index.php on line 112
[27-Mar-2018 17:45:41 UTC] PHP Fatal error:  Uncaught exception 'PDOException' with message 'SQLSTATE[42000]: Syntax error or access violation: 1064 You have an error in your SQL syntax; check the manual that corresponds to your MySQL server version for the right syntax to use near 'productName LIKE "%%"' at line 1' in /home/ubuntu/workspace/jerickson-cst336/Labs/Lab_6/index.php:112
Stack trace:
#0 /home/ubuntu/workspace/jerickson-cst336/Labs/Lab_6/index.php(112): PDOStatement->execute()
#1 /home/ubuntu/workspace/jerickson-cst336/Labs/Lab_6/index.php(180): displayResults()
#2 {main}
  thrown in /home/ubuntu/workspace/jerickson-cst336/Labs/Lab_6/index.php on line 112
[27-Mar-2018 17:45:58 UTC] PHP Fatal error:  Uncaught exception 'PDOException' with message 'SQLSTATE[42000]: Syntax error or access violation: 1064 You have an error in your SQL syntax; check the manual that corresponds to your MySQL server version for the right syntax to use near 'productName LIKE "%ball%"' at line 1' in /home/ubuntu/workspace/jerickson-cst336/Labs/Lab_6/index.php:112
Stack trace:
#0 /home/ubuntu/workspace/jerickson-cst336/Labs/Lab_6/index.php(112): PDOStatement->execute()
#1 /home/ubuntu/workspace/jerickson-cst336/Labs/Lab_6/index.php(180): displayResults()
#2 {main}
  thrown in /home/ubuntu/workspace/jerickson-cst336/Labs/Lab_6/index.php on line 112
[27-Mar-2018 17:55:41 UTC] PHP Fatal error:  Uncaught exception 'PDOException' with message 'SQLSTATE[42000]: Syntax error or access violation: 1064 You have an error in your SQL syntax; check the manual that corresponds to your MySQL server version for the right syntax to use near 'price <= 100000.00' at line 1' in /home/ubuntu/workspace/jerickson-cst336/Labs/Lab_6/index.php:112
Stack trace:
#0 /home/ubuntu/workspace/jerickson-cst336/Labs/Lab_6/index.php(112): PDOStatement->execute()
#1 /home/ubuntu/workspace/jerickson-cst336/Labs/Lab_6/index.php(180): displayResults()
#2 {main}
  thrown in /home/ubuntu/workspace/jerickson-cst336/Labs/Lab_6/index.php on line 112
[27-Mar-2018 17:56:59 UTC] PHP Fatal error:  Uncaught exception 'PDOException' with message 'SQLSTATE[42000]: Syntax error or access violation: 1064 You have an error in your SQL syntax; check the manual that corresponds to your MySQL server version for the right syntax to use near 'price <= 10000.00' at line 1' in /home/ubuntu/workspace/jerickson-cst336/Labs/Lab_6/index.php:112
Stack trace:
#0 /home/ubuntu/workspace/jerickson-cst336/Labs/Lab_6/index.php(112): PDOStatement->execute()
#1 /home/ubuntu/workspace/jerickson-cst336/Labs/Lab_6/index.php(180): displayResults()
#2 {main}
  thrown in /home/ubuntu/workspace/jerickson-cst336/Labs/Lab_6/index.php on line 112
[27-Mar-2018 17:57:21 UTC] PHP Fatal error:  Uncaught exception 'PDOException' with message 'SQLSTATE[42000]: Syntax error or access violation: 1064 You have an error in your SQL syntax; check the manual that corresponds to your MySQL server version for the right syntax to use near 'price <= 10000' at line 1' in /home/ubuntu/workspace/jerickson-cst336/Labs/Lab_6/index.php:112
Stack trace:
#0 /home/ubuntu/workspace/jerickson-cst336/Labs/Lab_6/index.php(112): PDOStatement->execute()
#1 /home/ubuntu/workspace/jerickson-cst336/Labs/Lab_6/index.php(180): displayResults()
#2 {main}
  thrown in /home/ubuntu/workspace/jerickson-cst336/Labs/Lab_6/index.php on line 112
[27-Mar-2018 18:00:26 UTC] PHP Fatal error:  Uncaught exception 'PDOException' with message 'SQLSTATE[42000]: Syntax error or access violation: 1064 You have an error in your SQL syntax; check the manual that corresponds to your MySQL server version for the right syntax to use near 'price <= 9999.99' at line 1' in /home/ubuntu/workspace/jerickson-cst336/Labs/Lab_6/index.php:112
Stack trace:
#0 /home/ubuntu/workspace/jerickson-cst336/Labs/Lab_6/index.php(112): PDOStatement->execute()
#1 /home/ubuntu/workspace/jerickson-cst336/Labs/Lab_6/index.php(180): displayResults()
#2 {main}
  thrown in /home/ubuntu/workspace/jerickson-cst336/Labs/Lab_6/index.php on line 112
[28-Mar-2018 05:49:36 UTC] PHP Fatal error:  Uncaught exception 'PDOException' with message 'SQLSTATE[42000]: Syntax error or access violation: 1064 You have an error in your SQL syntax; check the manual that corresponds to your MySQL server version for the right syntax to use near 'price <= 9999.99' at line 1' in /home/ubuntu/workspace/jerickson-cst336/Labs/Lab_6/index.php:112
Stack trace:
#0 /home/ubuntu/workspace/jerickson-cst336/Labs/Lab_6/index.php(112): PDOStatement->execute()
#1 /home/ubuntu/workspace/jerickson-cst336/Labs/Lab_6/index.php(180): displayResults()
#2 {main}
  thrown in /home/ubuntu/workspace/jerickson-cst336/Labs/Lab_6/index.php on line 112
[28-Mar-2018 05:54:37 UTC] PHP Fatal error:  Uncaught exception 'PDOException' with message 'SQLSTATE[42000]: Syntax error or access violation: 1064 You have an error in your SQL syntax; check the manual that corresponds to your MySQL server version for the right syntax to use near '9999.99 >= price' at line 1' in /home/ubuntu/workspace/jerickson-cst336/Labs/Lab_6/index.php:112
Stack trace:
#0 /home/ubuntu/workspace/jerickson-cst336/Labs/Lab_6/index.php(112): PDOStatement->execute()
#1 /home/ubuntu/workspace/jerickson-cst336/Labs/Lab_6/index.php(180): displayResults()
#2 {main}
  thrown in /home/ubuntu/workspace/jerickson-cst336/Labs/Lab_6/index.php on line 112
[28-Mar-2018 05:55:32 UTC] PHP Fatal error:  Uncaught exception 'PDOException' with message 'SQLSTATE[42000]: Syntax error or access violation: 1064 You have an error in your SQL syntax; check the manual that corresponds to your MySQL server version for the right syntax to use near '<= 9999.99' at line 1' in /home/ubuntu/workspace/jerickson-cst336/Labs/Lab_6/index.php:112
Stack trace:
#0 /home/ubuntu/workspace/jerickson-cst336/Labs/Lab_6/index.php(112): PDOStatement->execute()
#1 /home/ubuntu/workspace/jerickson-cst336/Labs/Lab_6/index.php(180): displayResults()
#2 {main}
  thrown in /home/ubuntu/workspace/jerickson-cst336/Labs/Lab_6/index.php on line 112
[28-Mar-2018 05:57:56 UTC] PHP Fatal error:  Uncaught exception 'PDOException' with message 'SQLSTATE[42000]: Syntax error or access violation: 1064 You have an error in your SQL syntax; check the manual that corresponds to your MySQL server version for the right syntax to use near 'price <= 100' at line 1' in /home/ubuntu/workspace/jerickson-cst336/Labs/Lab_6/index.php:112
Stack trace:
#0 /home/ubuntu/workspace/jerickson-cst336/Labs/Lab_6/index.php(112): PDOStatement->execute()
#1 /home/ubuntu/workspace/jerickson-cst336/Labs/Lab_6/index.php(180): displayResults()
#2 {main}
  thrown in /home/ubuntu/workspace/jerickson-cst336/Labs/Lab_6/index.php on line 112
[28-Mar-2018 05:57:59 UTC] PHP Fatal error:  Uncaught exception 'PDOException' with message 'SQLSTATE[42000]: Syntax error or access violation: 1064 You have an error in your SQL syntax; check the manual that corresponds to your MySQL server version for the right syntax to use near 'price <= 9999.99' at line 1' in /home/ubuntu/workspace/jerickson-cst336/Labs/Lab_6/index.php:112
Stack trace:
#0 /home/ubuntu/workspace/jerickson-cst336/Labs/Lab_6/index.php(112): PDOStatement->execute()
#1 /home/ubuntu/workspace/jerickson-cst336/Labs/Lab_6/index.php(180): displayResults()
#2 {main}
  thrown in /home/ubuntu/workspace/jerickson-cst336/Labs/Lab_6/index.php on line 112
[28-Mar-2018 05:58:04 UTC] PHP Fatal error:  Uncaught exception 'PDOException' with message 'SQLSTATE[42000]: Syntax error or access violation: 1064 You have an error in your SQL syntax; check the manual that corresponds to your MySQL server version for the right syntax to use near 'price <= 10' at line 1' in /home/ubuntu/workspace/jerickson-cst336/Labs/Lab_6/index.php:112
Stack trace:
#0 /home/ubuntu/workspace/jerickson-cst336/Labs/Lab_6/index.php(112): PDOStatement->execute()
#1 /home/ubuntu/workspace/jerickson-cst336/Labs/Lab_6/index.php(180): displayResults()
#2 {main}
  thrown in /home/ubuntu/workspace/jerickson-cst336/Labs/Lab_6/index.php on line 112
[28-Mar-2018 05:58:58 UTC] PHP Fatal error:  Uncaught exception 'PDOException' with message 'SQLSTATE[42000]: Syntax error or access violation: 1064 You have an error in your SQL syntax; check the manual that corresponds to your MySQL server version for the right syntax to use near 'price <= 10' at line 1' in /home/ubuntu/workspace/jerickson-cst336/Labs/Lab_6/index.php:112
Stack trace:
#0 /home/ubuntu/workspace/jerickson-cst336/Labs/Lab_6/index.php(112): PDOStatement->execute()
#1 /home/ubuntu/workspace/jerickson-cst336/Labs/Lab_6/index.php(180): displayResults()
#2 {main}
  thrown in /home/ubuntu/workspace/jerickson-cst336/Labs/Lab_6/index.php on line 112
[28-Mar-2018 05:59:03 UTC] PHP Fatal error:  Uncaught exception 'PDOException' with message 'SQLSTATE[42000]: Syntax error or access violation: 1064 You have an error in your SQL syntax; check the manual that corresponds to your MySQL server version for the right syntax to use near 'price <= 9999.99' at line 1' in /home/ubuntu/workspace/jerickson-cst336/Labs/Lab_6/index.php:112
Stack trace:
#0 /home/ubuntu/workspace/jerickson-cst336/Labs/Lab_6/index.php(112): PDOStatement->execute()
#1 /home/ubuntu/workspace/jerickson-cst336/Labs/Lab_6/index.php(180): displayResults()
#2 {main}
  thrown in /home/ubuntu/workspace/jerickson-cst336/Labs/Lab_6/index.php on line 112
[28-Mar-2018 05:59:23 UTC] PHP Fatal error:  Uncaught exception 'PDOException' with message 'SQLSTATE[42000]: Syntax error or access violation: 1064 You have an error in your SQL syntax; check the manual that corresponds to your MySQL server version for the right syntax to use near 'price =< 9999.99' at line 1' in /home/ubuntu/workspace/jerickson-cst336/Labs/Lab_6/index.php:112
Stack trace:
#0 /home/ubuntu/workspace/jerickson-cst336/Labs/Lab_6/index.php(112): PDOStatement->execute()
#1 /home/ubuntu/workspace/jerickson-cst336/Labs/Lab_6/index.php(180): displayResults()
#2 {main}
  thrown in /home/ubuntu/workspace/jerickson-cst336/Labs/Lab_6/index.php on line 112
[28-Mar-2018 05:59:27 UTC] PHP Fatal error:  Uncaught exception 'PDOException' with message 'SQLSTATE[42000]: Syntax error or access violation: 1064 You have an error in your SQL syntax; check the manual that corresponds to your MySQL server version for the right syntax to use near 'price =< 9999.99' at line 1' in /home/ubuntu/workspace/jerickson-cst336/Labs/Lab_6/index.php:112
Stack trace:
#0 /home/ubuntu/workspace/jerickson-cst336/Labs/Lab_6/index.php(112): PDOStatement->execute()
#1 /home/ubuntu/workspace/jerickson-cst336/Labs/Lab_6/index.php(180): displayResults()
#2 {main}
  thrown in /home/ubuntu/workspace/jerickson-cst336/Labs/Lab_6/index.php on line 112
[28-Mar-2018 06:04:49 UTC] PHP Fatal error:  Uncaught exception 'PDOException' with message 'SQLSTATE[42000]: Syntax error or access violation: 1064 You have an error in your SQL syntax; check the manual that corresponds to your MySQL server version for the right syntax to use near 'price >= 0.00' at line 1' in /home/ubuntu/workspace/jerickson-cst336/Labs/Lab_6/index.php:112
Stack trace:
#0 /home/ubuntu/workspace/jerickson-cst336/Labs/Lab_6/index.php(112): PDOStatement->execute()
#1 /home/ubuntu/workspace/jerickson-cst336/Labs/Lab_6/index.php(180): displayResults()
#2 {main}
  thrown in /home/ubuntu/workspace/jerickson-cst336/Labs/Lab_6/index.php on line 112
[28-Mar-2018 06:05:56 UTC] PHP Fatal error:  Uncaught exception 'PDOException' with message 'SQLSTATE[42000]: Syntax error or access violation: 1064 You have an error in your SQL syntax; check the manual that corresponds to your MySQL server version for the right syntax to use near 'price >= 0.00' at line 1' in /home/ubuntu/workspace/jerickson-cst336/Labs/Lab_6/index.php:112
Stack trace:
#0 /home/ubuntu/workspace/jerickson-cst336/Labs/Lab_6/index.php(112): PDOStatement->execute()
#1 /home/ubuntu/workspace/jerickson-cst336/Labs/Lab_6/index.php(180): displayResults()
#2 {main}
  thrown in /home/ubuntu/workspace/jerickson-cst336/Labs/Lab_6/index.php on line 112
[31-Mar-2018 19:43:32 UTC] PHP Fatal error:  Uncaught exception 'PDOException' with message 'SQLSTATE[42000]: Syntax error or access violation: 1064 You have an error in your SQL syntax; check the manual that corresponds to your MySQL server version for the right syntax to use near 'price >= 0.00' at line 1' in /home/ubuntu/workspace/jerickson-cst336/Labs/Lab_6/index.php:91
Stack trace:
#0 /home/ubuntu/workspace/jerickson-cst336/Labs/Lab_6/index.php(91): PDOStatement->execute()
#1 /home/ubuntu/workspace/jerickson-cst336/Labs/Lab_6/index.php(173): displayResults()
#2 {main}
  thrown in /home/ubuntu/workspace/jerickson-cst336/Labs/Lab_6/index.php on line 91
[31-Mar-2018 19:44:19 UTC] PHP Fatal error:  Uncaught exception 'PDOException' with message 'SQLSTATE[42000]: Syntax error or access violation: 1064 You have an error in your SQL syntax; check the manual that corresponds to your MySQL server version for the right syntax to use near 'price >= 0.00' at line 1' in /home/ubuntu/workspace/jerickson-cst336/Labs/Lab_6/index.php:91
Stack trace:
#0 /home/ubuntu/workspace/jerickson-cst336/Labs/Lab_6/index.php(91): PDOStatement->execute()
#1 /home/ubuntu/workspace/jerickson-cst336/Labs/Lab_6/index.php(174): displayResults()
#2 {main}
  thrown in /home/ubuntu/workspace/jerickson-cst336/Labs/Lab_6/index.php on line 91
[31-Mar-2018 19:44:46 UTC] PHP Fatal error:  Uncaught exception 'PDOException' with message 'SQLSTATE[42000]: Syntax error or access violation: 1064 You have an error in your SQL syntax; check the manual that corresponds to your MySQL server version for the right syntax to use near 'price >= 0.00' at line 1' in /home/ubuntu/workspace/jerickson-cst336/Labs/Lab_6/index.php:91
Stack trace:
#0 /home/ubuntu/workspace/jerickson-cst336/Labs/Lab_6/index.php(91): PDOStatement->execute()
#1 /home/ubuntu/workspace/jerickson-cst336/Labs/Lab_6/index.php(173): displayResults()
#2 {main}
  thrown in /home/ubuntu/workspace/jerickson-cst336/Labs/Lab_6/index.php on line 91
[31-Mar-2018 19:45:50 UTC] PHP Fatal error:  Uncaught exception 'PDOException' with message 'SQLSTATE[42000]: Syntax error or access violation: 1064 You have an error in your SQL syntax; check the manual that corresponds to your MySQL server version for the right syntax to use near 'price >= 0.00' at line 1' in /home/ubuntu/workspace/jerickson-cst336/Labs/Lab_6/index.php:91
Stack trace:
#0 /home/ubuntu/workspace/jerickson-cst336/Labs/Lab_6/index.php(91): PDOStatement->execute()
#1 /home/ubuntu/workspace/jerickson-cst336/Labs/Lab_6/index.php(173): displayResults()
#2 {main}
  thrown in /home/ubuntu/workspace/jerickson-cst336/Labs/Lab_6/index.php on line 91
[31-Mar-2018 19:46:07 UTC] PHP Fatal error:  Uncaught exception 'PDOException' with message 'SQLSTATE[42000]: Syntax error or access violation: 1064 You have an error in your SQL syntax; check the manual that corresponds to your MySQL server version for the right syntax to use near 'price >= 0.00' at line 1' in /home/ubuntu/workspace/jerickson-cst336/Labs/Lab_6/index.php:91
Stack trace:
#0 /home/ubuntu/workspace/jerickson-cst336/Labs/Lab_6/index.php(91): PDOStatement->execute()
#1 /home/ubuntu/workspace/jerickson-cst336/Labs/Lab_6/index.php(173): displayResults()
#2 {main}
  thrown in /home/ubuntu/workspace/jerickson-cst336/Labs/Lab_6/index.php on line 91
[31-Mar-2018 19:47:17 UTC] PHP Fatal error:  Uncaught exception 'PDOException' with message 'SQLSTATE[42000]: Syntax error or access violation: 1064 You have an error in your SQL syntax; check the manual that corresponds to your MySQL server version for the right syntax to use near 'price >= 0.00' at line 1' in /home/ubuntu/workspace/jerickson-cst336/Labs/Lab_6/index.php:95
Stack trace:
#0 /home/ubuntu/workspace/jerickson-cst336/Labs/Lab_6/index.php(95): PDOStatement->execute()
#1 /home/ubuntu/workspace/jerickson-cst336/Labs/Lab_6/index.php(177): displayResults()
#2 {main}
  thrown in /home/ubuntu/workspace/jerickson-cst336/Labs/Lab_6/index.php on line 95
[31-Mar-2018 19:48:23 UTC] PHP Fatal error:  Uncaught exception 'PDOException' with message 'SQLSTATE[42000]: Syntax error or access violation: 1064 You have an error in your SQL syntax; check the manual that corresponds to your MySQL server version for the right syntax to use near 'price >= 0.00' at line 1' in /home/ubuntu/workspace/jerickson-cst336/Labs/Lab_6/index.php:95
Stack trace:
#0 /home/ubuntu/workspace/jerickson-cst336/Labs/Lab_6/index.php(95): PDOStatement->execute()
#1 /home/ubuntu/workspace/jerickson-cst336/Labs/Lab_6/index.php(178): displayResults()
#2 {main}
  thrown in /home/ubuntu/workspace/jerickson-cst336/Labs/Lab_6/index.php on line 95
[31-Mar-2018 19:48:34 UTC] PHP Fatal error:  Uncaught exception 'PDOException' with message 'SQLSTATE[42000]: Syntax error or access violation: 1064 You have an error in your SQL syntax; check the manual that corresponds to your MySQL server version for the right syntax to use near 'price >= 0.00' at line 1' in /home/ubuntu/workspace/jerickson-cst336/Labs/Lab_6/index.php:95
Stack trace:
#0 /home/ubuntu/workspace/jerickson-cst336/Labs/Lab_6/index.php(95): PDOStatement->execute()
#1 /home/ubuntu/workspace/jerickson-cst336/Labs/Lab_6/index.php(178): displayResults()
#2 {main}
  thrown in /home/ubuntu/workspace/jerickson-cst336/Labs/Lab_6/index.php on line 95
[31-Mar-2018 19:50:58 UTC] PHP Fatal error:  Uncaught exception 'PDOException' with message 'SQLSTATE[42000]: Syntax error or access violation: 1064 You have an error in your SQL syntax; check the manual that corresponds to your MySQL server version for the right syntax to use near 'price >= 0.00' at line 1' in /home/ubuntu/workspace/jerickson-cst336/Labs/Lab_6/index.php:95
Stack trace:
#0 /home/ubuntu/workspace/jerickson-cst336/Labs/Lab_6/index.php(95): PDOStatement->execute()
#1 /home/ubuntu/workspace/jerickson-cst336/Labs/Lab_6/index.php(174): displayResults()
#2 {main}
  thrown in /home/ubuntu/workspace/jerickson-cst336/Labs/Lab_6/index.php on line 95
[31-Mar-2018 19:51:43 UTC] PHP Fatal error:  Uncaught exception 'PDOException' with message 'SQLSTATE[42000]: Syntax error or access violation: 1064 You have an error in your SQL syntax; check the manual that corresponds to your MySQL server version for the right syntax to use near 'price >= 0.00' at line 1' in /home/ubuntu/workspace/jerickson-cst336/Labs/Lab_6/index.php:95
Stack trace:
#0 /home/ubuntu/workspace/jerickson-cst336/Labs/Lab_6/index.php(95): PDOStatement->execute()
#1 /home/ubuntu/workspace/jerickson-cst336/Labs/Lab_6/index.php(176): displayResults()
#2 {main}
  thrown in /home/ubuntu/workspace/jerickson-cst336/Labs/Lab_6/index.php on line 95
[31-Mar-2018 19:52:00 UTC] PHP Fatal error:  Uncaught exception 'PDOException' with message 'SQLSTATE[42000]: Syntax error or access violation: 1064 You have an error in your SQL syntax; check the manual that corresponds to your MySQL server version for the right syntax to use near 'price >= 0.00' at line 1' in /home/ubuntu/workspace/jerickson-cst336/Labs/Lab_6/index.php:95
Stack trace:
#0 /home/ubuntu/workspace/jerickson-cst336/Labs/Lab_6/index.php(95): PDOStatement->execute()
#1 /home/ubuntu/workspace/jerickson-cst336/Labs/Lab_6/index.php(175): displayResults()
#2 {main}
  thrown in /home/ubuntu/workspace/jerickson-cst336/Labs/Lab_6/index.php on line 95
[31-Mar-2018 19:52:14 UTC] PHP Fatal error:  Uncaught exception 'PDOException' with message 'SQLSTATE[42000]: Syntax error or access violation: 1064 You have an error in your SQL syntax; check the manual that corresponds to your MySQL server version for the right syntax to use near 'price >= 0.00' at line 1' in /home/ubuntu/workspace/jerickson-cst336/Labs/Lab_6/index.php:95
Stack trace:
#0 /home/ubuntu/workspace/jerickson-cst336/Labs/Lab_6/index.php(95): PDOStatement->execute()
#1 /home/ubuntu/workspace/jerickson-cst336/Labs/Lab_6/index.php(174): displayResults()
#2 {main}
  thrown in /home/ubuntu/workspace/jerickson-cst336/Labs/Lab_6/index.php on line 95
[31-Mar-2018 19:58:21 UTC] PHP Fatal error:  Uncaught exception 'PDOException' with message 'SQLSTATE[42000]: Syntax error or access violation: 1064 You have an error in your SQL syntax; check the manual that corresponds to your MySQL server version for the right syntax to use near 'BETWEEN 0.00 AND 9999.99' at line 1' in /home/ubuntu/workspace/jerickson-cst336/Labs/Lab_6/index.php:98
Stack trace:
#0 /home/ubuntu/workspace/jerickson-cst336/Labs/Lab_6/index.php(98): PDOStatement->execute()
#1 /home/ubuntu/workspace/jerickson-cst336/Labs/Lab_6/index.php(177): displayResults()
#2 {main}
  thrown in /home/ubuntu/workspace/jerickson-cst336/Labs/Lab_6/index.php on line 98
[31-Mar-2018 19:59:51 UTC] PHP Fatal error:  Uncaught exception 'PDOException' with message 'SQLSTATE[42000]: Syntax error or access violation: 1064 You have an error in your SQL syntax; check the manual that corresponds to your MySQL server version for the right syntax to use near 'BETWEEN 0.00 AND 9999.99' at line 1' in /home/ubuntu/workspace/jerickson-cst336/Labs/Lab_6/index.php:101
Stack trace:
#0 /home/ubuntu/workspace/jerickson-cst336/Labs/Lab_6/index.php(101): PDOStatement->execute()
#1 /home/ubuntu/workspace/jerickson-cst336/Labs/Lab_6/index.php(178): displayResults()
#2 {main}
  thrown in /home/ubuntu/workspace/jerickson-cst336/Labs/Lab_6/index.php on line 101
[31-Mar-2018 20:00:05 UTC] PHP Fatal error:  Uncaught exception 'PDOException' with message 'SQLSTATE[42000]: Syntax error or access violation: 1064 You have an error in your SQL syntax; check the manual that corresponds to your MySQL server version for the right syntax to use near 'price BETWEEN 0.00 AND 9999.99' at line 1' in /home/ubuntu/workspace/jerickson-cst336/Labs/Lab_6/index.php:101
Stack trace:
#0 /home/ubuntu/workspace/jerickson-cst336/Labs/Lab_6/index.php(101): PDOStatement->execute()
#1 /home/ubuntu/workspace/jerickson-cst336/Labs/Lab_6/index.php(178): displayResults()
#2 {main}
  thrown in /home/ubuntu/workspace/jerickson-cst336/Labs/Lab_6/index.php on line 101
[31-Mar-2018 20:00:12 UTC] PHP Fatal error:  Uncaught exception 'PDOException' with message 'SQLSTATE[42000]: Syntax error or access violation: 1064 You have an error in your SQL syntax; check the manual that corresponds to your MySQL server version for the right syntax to use near 'productName LIKE "%ball%" AND price BETWEEN 0.00 AND 9999.99' at line 1' in /home/ubuntu/workspace/jerickson-cst336/Labs/Lab_6/index.php:101
Stack trace:
#0 /home/ubuntu/workspace/jerickson-cst336/Labs/Lab_6/index.php(101): PDOStatement->execute()
#1 /home/ubuntu/workspace/jerickson-cst336/Labs/Lab_6/index.php(178): displayResults()
#2 {main}
  thrown in /home/ubuntu/workspace/jerickson-cst336/Labs/Lab_6/index.php on line 101
[31-Mar-2018 20:01:56 UTC] PHP Fatal error:  [] operator not supported for strings in /home/ubuntu/workspace/jerickson-cst336/Labs/Lab_6/index.php on line 89
[31-Mar-2018 20:01:56 UTC] PHP Stack trace:
[31-Mar-2018 20:01:56 UTC] PHP   1. {main}() /home/ubuntu/workspace/jerickson-cst336/Labs/Lab_6/index.php:0
[31-Mar-2018 20:01:56 UTC] PHP   2. displayResults() /home/ubuntu/workspace/jerickson-cst336/Labs/Lab_6/index.php:178
[31-Mar-2018 20:05:32 UTC] PHP Fatal error:  Uncaught exception 'PDOException' with message 'SQLSTATE[42S22]: Column not found: 1054 Unknown column 'product_name' in 'order clause'' in /home/ubuntu/workspace/jerickson-cst336/Labs/Lab_6/index.php:98
Stack trace:
#0 /home/ubuntu/workspace/jerickson-cst336/Labs/Lab_6/index.php(98): PDOStatement->execute()
#1 /home/ubuntu/workspace/jerickson-cst336/Labs/Lab_6/index.php(175): displayResults()
#2 {main}
  thrown in /home/ubuntu/workspace/jerickson-cst336/Labs/Lab_6/index.php on line 98
[31-Mar-2018 20:07:32 UTC] PHP Fatal error:  Uncaught exception 'PDOException' with message 'SQLSTATE[42S22]: Column not found: 1054 Unknown column 'om_product' in 'order clause'' in /home/ubuntu/workspace/jerickson-cst336/Labs/Lab_6/index.php:106
Stack trace:
#0 /home/ubuntu/workspace/jerickson-cst336/Labs/Lab_6/index.php(106): PDOStatement->execute()
#1 /home/ubuntu/workspace/jerickson-cst336/Labs/Lab_6/index.php(183): displayResults()
#2 {main}
  thrown in /home/ubuntu/workspace/jerickson-cst336/Labs/Lab_6/index.php on line 106
[31-Mar-2018 20:08:06 UTC] PHP Fatal error:  Uncaught exception 'PDOException' with message 'SQLSTATE[42S22]: Column not found: 1054 Unknown column 'om_product' in 'order clause'' in /home/ubuntu/workspace/jerickson-cst336/Labs/Lab_6/index.php:106
Stack trace:
#0 /home/ubuntu/workspace/jerickson-cst336/Labs/Lab_6/index.php(106): PDOStatement->execute()
#1 /home/ubuntu/workspace/jerickson-cst336/Labs/Lab_6/index.php(183): displayResults()
#2 {main}
  thrown in /home/ubuntu/workspace/jerickson-cst336/Labs/Lab_6/index.php on line 106
[31-Mar-2018 20:09:02 UTC] PHP Fatal error:  Uncaught exception 'PDOException' with message 'SQLSTATE[42S22]: Column not found: 1054 Unknown column 'om_product' in 'order clause'' in /home/ubuntu/workspace/jerickson-cst336/Labs/Lab_6/index.php:106
Stack trace:
#0 /home/ubuntu/workspace/jerickson-cst336/Labs/Lab_6/index.php(106): PDOStatement->execute()
#1 /home/ubuntu/workspace/jerickson-cst336/Labs/Lab_6/index.php(183): displayResults()
#2 {main}
  thrown in /home/ubuntu/workspace/jerickson-cst336/Labs/Lab_6/index.php on line 106
[31-Mar-2018 20:10:04 UTC] PHP Fatal error:  Uncaught exception 'PDOException' with message 'SQLSTATE[42S22]: Column not found: 1054 Unknown column 'product_name' in 'order clause'' in /home/ubuntu/workspace/jerickson-cst336/Labs/Lab_6/index.php:106
Stack trace:
#0 /home/ubuntu/workspace/jerickson-cst336/Labs/Lab_6/index.php(106): PDOStatement->execute()
#1 /home/ubuntu/workspace/jerickson-cst336/Labs/Lab_6/index.php(183): displayResults()
#2 {main}
  thrown in /home/ubuntu/workspace/jerickson-cst336/Labs/Lab_6/index.php on line 106
[01-Apr-2018 02:34:35 UTC] PHP Fatal error:  Uncaught exception 'PDOException' with message 'SQLSTATE[42000]: Syntax error or access violation: 1064 You have an error in your SQL syntax; check the manual that corresponds to your MySQL server version for the right syntax to use near '' at line 5' in /home/ubuntu/workspace/jerickson-cst336/Labs/Lab_6/index.php:102
Stack trace:
#0 /home/ubuntu/workspace/jerickson-cst336/Labs/Lab_6/index.php(102): PDOStatement->execute()
#1 /home/ubuntu/workspace/jerickson-cst336/Labs/Lab_6/index.php(207): displayResults()
#2 {main}
  thrown in /home/ubuntu/workspace/jerickson-cst336/Labs/Lab_6/index.php on line 102
[01-Apr-2018 02:37:52 UTC] PHP Fatal error:  Uncaught exception 'PDOException' with message 'SQLSTATE[42000]: Syntax error or access violation: 1064 You have an error in your SQL syntax; check the manual that corresponds to your MySQL server version for the right syntax to use near '' at line 5' in /home/ubuntu/workspace/jerickson-cst336/Labs/Lab_6/index.php:102
Stack trace:
#0 /home/ubuntu/workspace/jerickson-cst336/Labs/Lab_6/index.php(102): PDOStatement->execute()
#1 /home/ubuntu/workspace/jerickson-cst336/Labs/Lab_6/index.php(207): displayResults()
#2 {main}
  thrown in /home/ubuntu/workspace/jerickson-cst336/Labs/Lab_6/index.php on line 102
[01-Apr-2018 02:38:34 UTC] PHP Fatal error:  Uncaught exception 'PDOException' with message 'SQLSTATE[42000]: Syntax error or access violation: 1064 You have an error in your SQL syntax; check the manual that corresponds to your MySQL server version for the right syntax to use near '' at line 5' in /home/ubuntu/workspace/jerickson-cst336/Labs/Lab_6/index.php:102
Stack trace:
#0 /home/ubuntu/workspace/jerickson-cst336/Labs/Lab_6/index.php(102): PDOStatement->execute()
#1 /home/ubuntu/workspace/jerickson-cst336/Labs/Lab_6/index.php(209): displayResults()
#2 {main}
  thrown in /home/ubuntu/workspace/jerickson-cst336/Labs/Lab_6/index.php on line 102
[01-Apr-2018 02:38:36 UTC] PHP Fatal error:  Uncaught exception 'PDOException' with message 'SQLSTATE[42000]: Syntax error or access violation: 1064 You have an error in your SQL syntax; check the manual that corresponds to your MySQL server version for the right syntax to use near '' at line 5' in /home/ubuntu/workspace/jerickson-cst336/Labs/Lab_6/index.php:102
Stack trace:
#0 /home/ubuntu/workspace/jerickson-cst336/Labs/Lab_6/index.php(102): PDOStatement->execute()
#1 /home/ubuntu/workspace/jerickson-cst336/Labs/Lab_6/index.php(209): displayResults()
#2 {main}
  thrown in /home/ubuntu/workspace/jerickson-cst336/Labs/Lab_6/index.php on line 102
[01-Apr-2018 02:39:03 UTC] PHP Fatal error:  Uncaught exception 'PDOException' with message 'SQLSTATE[42000]: Syntax error or access violation: 1064 You have an error in your SQL syntax; check the manual that corresponds to your MySQL server version for the right syntax to use near '' at line 5' in /home/ubuntu/workspace/jerickson-cst336/Labs/Lab_6/index.php:104
Stack trace:
#0 /home/ubuntu/workspace/jerickson-cst336/Labs/Lab_6/index.php(104): PDOStatement->execute()
#1 /home/ubuntu/workspace/jerickson-cst336/Labs/Lab_6/index.php(209): displayResults()
#2 {main}
  thrown in /home/ubuntu/workspace/jerickson-cst336/Labs/Lab_6/index.php on line 104
[01-Apr-2018 02:49:32 UTC] PHP Fatal error:  Uncaught exception 'PDOException' with message 'SQLSTATE[42000]: Syntax error or access violation: 1064 You have an error in your SQL syntax; check the manual that corresponds to your MySQL server version for the right syntax to use near '' at line 5' in /home/ubuntu/workspace/jerickson-cst336/Labs/Lab_6/index.php:104
Stack trace:
#0 /home/ubuntu/workspace/jerickson-cst336/Labs/Lab_6/index.php(104): PDOStatement->execute()
#1 /home/ubuntu/workspace/jerickson-cst336/Labs/Lab_6/index.php(213): displayResults()
#2 {main}
  thrown in /home/ubuntu/workspace/jerickson-cst336/Labs/Lab_6/index.php on line 104
[01-Apr-2018 02:50:55 UTC] PHP Fatal error:  Uncaught exception 'PDOException' with message 'SQLSTATE[42000]: Syntax error or access violation: 1064 You have an error in your SQL syntax; check the manual that corresponds to your MySQL server version for the right syntax to use near '' at line 5' in /home/ubuntu/workspace/jerickson-cst336/Labs/Lab_6/index.php:104
Stack trace:
#0 /home/ubuntu/workspace/jerickson-cst336/Labs/Lab_6/index.php(104): PDOStatement->execute()
#1 /home/ubuntu/workspace/jerickson-cst336/Labs/Lab_6/index.php(213): displayResults()
#2 {main}
  thrown in /home/ubuntu/workspace/jerickson-cst336/Labs/Lab_6/index.php on line 104
[01-Apr-2018 03:40:32 UTC] PHP Fatal error:  Uncaught exception 'PDOException' with message 'SQLSTATE[42000]: Syntax error or access violation: 1064 You have an error in your SQL syntax; check the manual that corresponds to your MySQL server version for the right syntax to use near '' at line 5' in /home/ubuntu/workspace/jerickson-cst336/Labs/Lab_6/index.php:104
Stack trace:
#0 /home/ubuntu/workspace/jerickson-cst336/Labs/Lab_6/index.php(104): PDOStatement->execute()
#1 /home/ubuntu/workspace/jerickson-cst336/Labs/Lab_6/index.php(276): displayResults()
#2 {main}
  thrown in /home/ubuntu/workspace/jerickson-cst336/Labs/Lab_6/index.php on line 104
[01-Apr-2018 03:40:38 UTC] PHP Fatal error:  Uncaught exception 'PDOException' with message 'SQLSTATE[42000]: Syntax error or access violation: 1064 You have an error in your SQL syntax; check the manual that corresponds to your MySQL server version for the right syntax to use near '' at line 5' in /home/ubuntu/workspace/jerickson-cst336/Labs/Lab_6/index.php:104
Stack trace:
#0 /home/ubuntu/workspace/jerickson-cst336/Labs/Lab_6/index.php(104): PDOStatement->execute()
#1 /home/ubuntu/workspace/jerickson-cst336/Labs/Lab_6/index.php(276): displayResults()
#2 {main}
  thrown in /home/ubuntu/workspace/jerickson-cst336/Labs/Lab_6/index.php on line 104
[01-Apr-2018 03:42:05 UTC] PHP Fatal error:  Uncaught exception 'PDOException' with message 'SQLSTATE[42000]: Syntax error or access violation: 1064 You have an error in your SQL syntax; check the manual that corresponds to your MySQL server version for the right syntax to use near '' at line 5' in /home/ubuntu/workspace/jerickson-cst336/Labs/Lab_6/index.php:104
Stack trace:
#0 /home/ubuntu/workspace/jerickson-cst336/Labs/Lab_6/index.php(104): PDOStatement->execute()
#1 /home/ubuntu/workspace/jerickson-cst336/Labs/Lab_6/index.php(276): displayResults()
#2 {main}
  thrown in /home/ubuntu/workspace/jerickson-cst336/Labs/Lab_6/index.php on line 104
[01-Apr-2018 03:43:27 UTC] PHP Fatal error:  Uncaught exception 'PDOException' with message 'SQLSTATE[42000]: Syntax error or access violation: 1064 You have an error in your SQL syntax; check the manual that corresponds to your MySQL server version for the right syntax to use near '' at line 5' in /home/ubuntu/workspace/jerickson-cst336/Labs/Lab_6/index.php:104
Stack trace:
#0 /home/ubuntu/workspace/jerickson-cst336/Labs/Lab_6/index.php(104): PDOStatement->execute()
#1 /home/ubuntu/workspace/jerickson-cst336/Labs/Lab_6/index.php(279): displayResults()
#2 {main}
  thrown in /home/ubuntu/workspace/jerickson-cst336/Labs/Lab_6/index.php on line 104
[01-Apr-2018 03:43:56 UTC] PHP Fatal error:  Uncaught exception 'PDOException' with message 'SQLSTATE[42000]: Syntax error or access violation: 1064 You have an error in your SQL syntax; check the manual that corresponds to your MySQL server version for the right syntax to use near '' at line 5' in /home/ubuntu/workspace/jerickson-cst336/Labs/Lab_6/index.php:106
Stack trace:
#0 /home/ubuntu/workspace/jerickson-cst336/Labs/Lab_6/index.php(106): PDOStatement->execute()
#1 /home/ubuntu/workspace/jerickson-cst336/Labs/Lab_6/index.php(281): displayResults()
#2 {main}
  thrown in /home/ubuntu/workspace/jerickson-cst336/Labs/Lab_6/index.php on line 106
[01-Apr-2018 03:44:43 UTC] PHP Fatal error:  Uncaught exception 'PDOException' with message 'SQLSTATE[42000]: Syntax error or access violation: 1065 Query was empty' in /home/ubuntu/workspace/jerickson-cst336/Labs/Lab_6/index.php:108
Stack trace:
#0 /home/ubuntu/workspace/jerickson-cst336/Labs/Lab_6/index.php(108): PDOStatement->execute()
#1 /home/ubuntu/workspace/jerickson-cst336/Labs/Lab_6/index.php(283): displayResults()
#2 {main}
  thrown in /home/ubuntu/workspace/jerickson-cst336/Labs/Lab_6/index.php on line 108
[01-Apr-2018 03:58:22 UTC] PHP Parse error:  syntax error, unexpected 'echo' (T_ECHO), expecting ',' or ';' in /home/ubuntu/workspace/jerickson-cst336/Labs/Lab_6/index.php on line 120
[01-Apr-2018 04:17:40 UTC] PHP Parse error:  syntax error, unexpected 'echo' (T_ECHO), expecting ',' or ';' in /home/ubuntu/workspace/jerickson-cst336/Labs/Lab_6/index.php on line 224
