[22-Mar-2018 01:11:17 UTC] PHP Warning:  Invalid argument supplied for foreach() in /home/ubuntu/workspace/jerickson-cst336/Labs/Lab_5/scart/functions.php on line 8
[22-Mar-2018 01:11:17 UTC] PHP Stack trace:
[22-Mar-2018 01:11:17 UTC] PHP   1. {main}() /home/ubuntu/workspace/jerickson-cst336/Labs/Lab_5/scart/index.php:0
[22-Mar-2018 01:11:17 UTC] PHP   2. displayResults() /home/ubuntu/workspace/jerickson-cst336/Labs/Lab_5/scart/index.php:56
[22-Mar-2018 04:00:09 UTC] PHP Warning:  Invalid argument supplied for foreach() in /home/ubuntu/workspace/jerickson-cst336/Labs/Lab_5/scart/functions.php on line 11
[22-Mar-2018 04:00:09 UTC] PHP Stack trace:
[22-Mar-2018 04:00:09 UTC] PHP   1. {main}() /home/ubuntu/workspace/jerickson-cst336/Labs/Lab_5/scart/index.php:0
[22-Mar-2018 04:00:09 UTC] PHP   2. displayResults() /home/ubuntu/workspace/jerickson-cst336/Labs/Lab_5/scart/index.php:56
[22-Mar-2018 04:25:48 UTC] PHP Warning:  Invalid argument supplied for foreach() in /home/ubuntu/workspace/jerickson-cst336/Labs/Lab_5/scart/functions.php on line 11
[22-Mar-2018 04:25:48 UTC] PHP Stack trace:
[22-Mar-2018 04:25:48 UTC] PHP   1. {main}() /home/ubuntu/workspace/jerickson-cst336/Labs/Lab_5/scart/index.php:0
[22-Mar-2018 04:25:48 UTC] PHP   2. displayResults() /home/ubuntu/workspace/jerickson-cst336/Labs/Lab_5/scart/index.php:56
[23-Mar-2018 03:06:19 UTC] PHP Warning:  array_push() expects parameter 1 to be array, string given in /home/ubuntu/workspace/jerickson-cst336/Labs/Lab_5/scart/index.php on line 14
[23-Mar-2018 03:06:19 UTC] PHP Stack trace:
[23-Mar-2018 03:06:19 UTC] PHP   1. {main}() /home/ubuntu/workspace/jerickson-cst336/Labs/Lab_5/scart/index.php:0
[23-Mar-2018 03:06:19 UTC] PHP   2. array_push() /home/ubuntu/workspace/jerickson-cst336/Labs/Lab_5/scart/index.php:14
[23-Mar-2018 03:07:37 UTC] PHP Warning:  array_push() expects parameter 1 to be array, string given in /home/ubuntu/workspace/jerickson-cst336/Labs/Lab_5/scart/index.php on line 14
[23-Mar-2018 03:07:37 UTC] PHP Stack trace:
[23-Mar-2018 03:07:37 UTC] PHP   1. {main}() /home/ubuntu/workspace/jerickson-cst336/Labs/Lab_5/scart/index.php:0
[23-Mar-2018 03:07:37 UTC] PHP   2. array_push() /home/ubuntu/workspace/jerickson-cst336/Labs/Lab_5/scart/index.php:14
[23-Mar-2018 03:08:35 UTC] PHP Fatal error:  Call to undefined function destroy_session() in /home/ubuntu/workspace/jerickson-cst336/Labs/Lab_5/scart/index.php on line 2
[23-Mar-2018 03:08:35 UTC] PHP Stack trace:
[23-Mar-2018 03:08:35 UTC] PHP   1. {main}() /home/ubuntu/workspace/jerickson-cst336/Labs/Lab_5/scart/index.php:0
[23-Mar-2018 03:08:59 UTC] PHP Warning:  session_destroy(): Trying to destroy uninitialized session in /home/ubuntu/workspace/jerickson-cst336/Labs/Lab_5/scart/index.php on line 2
[23-Mar-2018 03:08:59 UTC] PHP Stack trace:
[23-Mar-2018 03:08:59 UTC] PHP   1. {main}() /home/ubuntu/workspace/jerickson-cst336/Labs/Lab_5/scart/index.php:0
[23-Mar-2018 03:08:59 UTC] PHP   2. session_destroy() /home/ubuntu/workspace/jerickson-cst336/Labs/Lab_5/scart/index.php:2
[23-Mar-2018 03:09:20 UTC] PHP Warning:  array_push() expects parameter 1 to be array, string given in /home/ubuntu/workspace/jerickson-cst336/Labs/Lab_5/scart/index.php on line 13
[23-Mar-2018 03:09:20 UTC] PHP Stack trace:
[23-Mar-2018 03:09:20 UTC] PHP   1. {main}() /home/ubuntu/workspace/jerickson-cst336/Labs/Lab_5/scart/index.php:0
[23-Mar-2018 03:09:20 UTC] PHP   2. array_push() /home/ubuntu/workspace/jerickson-cst336/Labs/Lab_5/scart/index.php:13
[23-Mar-2018 03:11:59 UTC] PHP Warning:  array_push() expects parameter 1 to be array, string given in /home/ubuntu/workspace/jerickson-cst336/Labs/Lab_5/scart/index.php on line 13
[23-Mar-2018 03:11:59 UTC] PHP Stack trace:
[23-Mar-2018 03:11:59 UTC] PHP   1. {main}() /home/ubuntu/workspace/jerickson-cst336/Labs/Lab_5/scart/index.php:0
[23-Mar-2018 03:11:59 UTC] PHP   2. array_push() /home/ubuntu/workspace/jerickson-cst336/Labs/Lab_5/scart/index.php:13
[23-Mar-2018 03:16:48 UTC] PHP Fatal error:  Call to undefined function displayCart() in /home/ubuntu/workspace/jerickson-cst336/Labs/Lab_5/scart/scart.php on line 40
[23-Mar-2018 03:16:48 UTC] PHP Stack trace:
[23-Mar-2018 03:16:48 UTC] PHP   1. {main}() /home/ubuntu/workspace/jerickson-cst336/Labs/Lab_5/scart/scart.php:0
[23-Mar-2018 03:17:29 UTC] PHP Warning:  include(functionsphp): failed to open stream: No such file or directory in /home/ubuntu/workspace/jerickson-cst336/Labs/Lab_5/scart/scart.php on line 40
[23-Mar-2018 03:17:29 UTC] PHP Stack trace:
[23-Mar-2018 03:17:29 UTC] PHP   1. {main}() /home/ubuntu/workspace/jerickson-cst336/Labs/Lab_5/scart/scart.php:0
[23-Mar-2018 03:17:29 UTC] PHP Warning:  include(): Failed opening 'functionsphp' for inclusion (include_path='.:/usr/share/php:/usr/share/pear') in /home/ubuntu/workspace/jerickson-cst336/Labs/Lab_5/scart/scart.php on line 40
[23-Mar-2018 03:17:29 UTC] PHP Stack trace:
[23-Mar-2018 03:17:29 UTC] PHP   1. {main}() /home/ubuntu/workspace/jerickson-cst336/Labs/Lab_5/scart/scart.php:0
[23-Mar-2018 03:17:29 UTC] PHP Fatal error:  Call to undefined function displayCart() in /home/ubuntu/workspace/jerickson-cst336/Labs/Lab_5/scart/scart.php on line 41
[23-Mar-2018 03:17:29 UTC] PHP Stack trace:
[23-Mar-2018 03:17:29 UTC] PHP   1. {main}() /home/ubuntu/workspace/jerickson-cst336/Labs/Lab_5/scart/scart.php:0
[23-Mar-2018 03:35:05 UTC] PHP Warning:  Invalid argument supplied for foreach() in /home/ubuntu/workspace/jerickson-cst336/Labs/Lab_5/scart/functions.php on line 60
[23-Mar-2018 03:35:05 UTC] PHP Stack trace:
[23-Mar-2018 03:35:05 UTC] PHP   1. {main}() /home/ubuntu/workspace/jerickson-cst336/Labs/Lab_5/scart/scart.php:0
[23-Mar-2018 03:35:05 UTC] PHP   2. displayCart() /home/ubuntu/workspace/jerickson-cst336/Labs/Lab_5/scart/scart.php:41
[23-Mar-2018 03:35:05 UTC] PHP Warning:  Invalid argument supplied for foreach() in /home/ubuntu/workspace/jerickson-cst336/Labs/Lab_5/scart/functions.php on line 60
[23-Mar-2018 03:35:05 UTC] PHP Stack trace:
[23-Mar-2018 03:35:05 UTC] PHP   1. {main}() /home/ubuntu/workspace/jerickson-cst336/Labs/Lab_5/scart/scart.php:0
[23-Mar-2018 03:35:05 UTC] PHP   2. displayCart() /home/ubuntu/workspace/jerickson-cst336/Labs/Lab_5/scart/scart.php:41
[23-Mar-2018 04:10:27 UTC] PHP Fatal error:  Cannot redeclare displayResults() (previously declared in /home/ubuntu/workspace/jerickson-cst336/Labs/Lab_5/scart/functions.php:3) in /home/ubuntu/workspace/jerickson-cst336/Labs/Lab_5/scart/functions.php on line 3
[23-Mar-2018 04:10:27 UTC] PHP Stack trace:
[23-Mar-2018 04:10:27 UTC] PHP   1. {main}() /home/ubuntu/workspace/jerickson-cst336/Labs/Lab_5/scart/scart.php:0
[23-Mar-2018 04:10:31 UTC] PHP Fatal error:  Cannot redeclare displayResults() (previously declared in /home/ubuntu/workspace/jerickson-cst336/Labs/Lab_5/scart/functions.php:3) in /home/ubuntu/workspace/jerickson-cst336/Labs/Lab_5/scart/functions.php on line 3
[23-Mar-2018 04:10:31 UTC] PHP Stack trace:
[23-Mar-2018 04:10:31 UTC] PHP   1. {main}() /home/ubuntu/workspace/jerickson-cst336/Labs/Lab_5/scart/scart.php:0
[23-Mar-2018 04:14:40 UTC] PHP Parse error:  syntax error, unexpected ';' in /home/ubuntu/workspace/jerickson-cst336/Labs/Lab_5/scart/functions.php on line 82
[23-Mar-2018 04:14:40 UTC] PHP Stack trace:
[23-Mar-2018 04:14:40 UTC] PHP   1. {main}() /home/ubuntu/workspace/jerickson-cst336/Labs/Lab_5/scart/scart.php:0
[23-Mar-2018 04:14:42 UTC] PHP Parse error:  syntax error, unexpected ';' in /home/ubuntu/workspace/jerickson-cst336/Labs/Lab_5/scart/functions.php on line 82
[23-Mar-2018 04:14:42 UTC] PHP Stack trace:
[23-Mar-2018 04:14:42 UTC] PHP   1. {main}() /home/ubuntu/workspace/jerickson-cst336/Labs/Lab_5/scart/scart.php:0
[23-Mar-2018 04:14:43 UTC] PHP Parse error:  syntax error, unexpected ';' in /home/ubuntu/workspace/jerickson-cst336/Labs/Lab_5/scart/functions.php on line 82
[23-Mar-2018 04:14:43 UTC] PHP Stack trace:
[23-Mar-2018 04:14:43 UTC] PHP   1. {main}() /home/ubuntu/workspace/jerickson-cst336/Labs/Lab_5/scart/index.php:0
[23-Mar-2018 04:19:11 UTC] PHP Parse error:  syntax error, unexpected 'echo' (T_ECHO), expecting ',' or ';' in /home/ubuntu/workspace/jerickson-cst336/Labs/Lab_5/scart/functions.php on line 41
[23-Mar-2018 04:19:11 UTC] PHP Stack trace:
[23-Mar-2018 04:19:11 UTC] PHP   1. {main}() /home/ubuntu/workspace/jerickson-cst336/Labs/Lab_5/scart/index.php:0
